<?xml version="1.0" encoding="UTF-8"?>
<!-- Generated by org.testng.reporters.JUnitReportReporter -->
<testsuite skipped="0" hostname="DESKTOP-257VOMS" name="Web.TestRunner.XYZBankTestRunner" tests="3" failures="0" timestamp="2023-03-23T18:41:28 BDT" time="24.490" errors="0">
  <testcase name="runScenario" time="7.437" classname="Web.TestRunner.XYZBankTestRunner"/>
  <system-out/>
  <testcase name="runScenario" time="6.583" classname="Web.TestRunner.XYZBankTestRunner"/>
  <system-out/>
  <testcase name="runScenario" time="10.470" classname="Web.TestRunner.XYZBankTestRunner"/>
  <system-out/>
</testsuite> <!-- Web.TestRunner.XYZBankTestRunner -->
