<?xml version="1.0" encoding="UTF-8"?>
<!-- Generated by org.testng.reporters.JUnitReportReporter -->
<testsuite skipped="0" hostname="DESKTOP-257VOMS" name="Api.TestRunner.PostApiRunnerTests" tests="1" failures="0" timestamp="2023-03-23T18:41:28 BDT" time="0.717" errors="0">
  <testcase name="runScenario" time="0.717" classname="Api.TestRunner.PostApiRunnerTests"/>
  <system-out/>
</testsuite> <!-- Api.TestRunner.PostApiRunnerTests -->
